Arguments: 
  C:\Users\gk838\.atri\webapp-builder-win.exe.v0.0.90 C:\snapshot\webapp-builder\node_modules\yarn\bin\yarn.js install

PATH: 
  C:\Users\gk838\.virtualenvs\gk-kJqPP0Qi\Scripts;C:\Program Files\Common Files\Oracle\Java\javapath;C:\Windows\system32;C:\Windows;C:\Windows\System32\Wbem;C:\Windows\System32\WindowsPowerShell\v1.0\;C:\Windows\System32\OpenSSH\;C:\Program Files\mingw64\bin;C:\Program Files\Git\cmd;C:\Program Files\nodejs\;C:\Users\gk838\AppData\Local\Microsoft\WindowsApps;C:\Users\gk838\AppData\Local\Programs\Microsoft VS Code\bin;C:\Program Files\mingw64\bin;C:\Users\gk838\AppData\Local\Programs\Python\Python311\Scripts;C:\Users\gk838\AppData\Local\Programs\Python\Python311;C:\Users\gk838\AppData\Local\Packages\PythonSoftwareFoundation.Python.3.10_qbz5n2kfra8p0\LocalCache\local-packages\Python310\Scripts;C:\Users\gk838\AppData\Local\GitHubDesktop\bin;

Yarn version: 
  1.22.19

Node version: 
  16.16.0

Platform: 
  win32 x64

Trace: 
  Error: EBUSY: resource busy or locked, copyfile 'C:\Users\gk838\AppData\Local\Yarn\Cache\v6\npm-@mui-material-5.12.2-c3fcc94e523d9e673e2e045dfad04d12ab454a80-integrity\node_modules\@mui\material\node\InputLabel\index.js' -> 'C:\Users\gk838\gk\atri_app\node_modules\@mui\material\node\InputLabel\index.js'

npm manifest: 
  {
    "name": "atri-react-app-template",
    "version": "0.0.0",
    "private": "true",
    "scripts": {
      "buildApp": "atri-react-app-build-app",
      "buildAppNode": "atri-react-app-build-server",
      "buildServer": "cd server && tsc",
      "build": "yarn run buildApp && yarn run buildAppNode",
      "devServer": "node dist/server/index.js --dev",
      "server": "node dist/server/index.js",
      "dev": "atri-react-app-dev-server"
    },
    "dependencies": {
      "@atrilabs/app-scripts": "^0.0.90",
      "@atrilabs/core": "^0.0.90",
      "chokidar": "^3.5.3",
      "http-proxy-middleware": "^2.0.6",
      "react": "18.0.0",
      "react-dom": "18.0.0",
      "react-router-dom": "^6.3.0",
      "ws": "^8.8.0",
      "zustand": "^4.0.0-rc.1",
      "@atrilabs/react-component-manifests": "^0.0.90"
    },
    "devDependencies": {
      "eslint-config-prettier": "^8.5.0",
      "eslint-config-react-app": "^7.0.1"
    }
  }

yarn manifest: 
  No manifest

Lockfile: 
  No lockfile
